# JRE version: OpenJDK Runtime Environment Microsoft-7208460 (11.0.18+10) (build 11.0.18+10-LTS)
# Java VM: OpenJDK 64-Bit Server VM Microsoft-7208460 (11.0.18+10-LTS, mixed mode, tiered, compressed oops, g1 gc, windows-amd64)
Heap:
 garbage-first heap   total 881664K, used 162987K [0x0000000080000000, 0x0000000100000000)
  region size 1024K, 14 young (14336K), 14 survivors (14336K)
 Metaspace       used 119416K, capacity 124280K, committed 124496K, reserved 624640K
  class space    used 15500K, capacity 17296K, committed 17408K, reserved 516096K
GC Heap History (20 events):
Event: 304.179 GC heap after
{Heap after GC invocations=106 (full 0):
 garbage-first heap   total 159744K, used 132627K [0x0000000080000000, 0x0000000100000000)
  region size 1024K, 1 young (1024K), 1 survivors (1024K)
 Metaspace       used 111434K, capacity 115461K, committed 115792K, reserved 616448K
  class space    used 14510K, capacity 15956K, committed 16128K, reserved 516096K
}
Event: 304.234 GC heap before
{Heap before GC invocations=106 (full 0):
 garbage-first heap   total 159744K, used 139795K [0x0000000080000000, 0x0000000100000000)
  region size 1024K, 8 young (8192K), 1 survivors (1024K)
 Metaspace       used 111390K, capacity 115341K, committed 115792K, reserved 616448K
  class space    used 14498K, capacity 15916K, committed 16128K, reserved 516096K
}
Event: 304.237 GC heap after
{Heap after GC invocations=107 (full 0):
 garbage-first heap   total 159744K, used 132812K [0x0000000080000000, 0x0000000100000000)
  region size 1024K, 1 young (1024K), 1 survivors (1024K)
 Metaspace       used 111390K, capacity 115341K, committed 115792K, reserved 616448K
  class space    used 14498K, capacity 15916K, committed 16128K, reserved 516096K
}
Event: 304.267 GC heap before
{Heap before GC invocations=107 (full 0):
 garbage-first heap   total 159744K, used 139980K [0x0000000080000000, 0x0000000100000000)
  region size 1024K, 8 young (8192K), 1 survivors (1024K)
 Metaspace       used 111391K, capacity 115341K, committed 115792K, reserved 616448K
  class space    used 14498K, capacity 15916K, committed 16128K, reserved 516096K
}
Event: 304.272 GC heap after
{Heap after GC invocations=108 (full 0):
 garbage-first heap   total 192512K, used 132847K [0x0000000080000000, 0x0000000100000000)
  region size 1024K, 1 young (1024K), 1 survivors (1024K)
 Metaspace       used 111391K, capacity 115341K, committed 115792K, reserved 616448K
  class space    used 14498K, capacity 15916K, committed 16128K, reserved 516096K
}
Event: 304.339 GC heap before
{Heap before GC invocations=109 (full 0):
 garbage-first heap   total 192512K, used 152303K [0x0000000080000000, 0x0000000100000000)
  region size 1024K, 20 young (20480K), 1 survivors (1024K)
 Metaspace       used 111393K, capacity 115341K, committed 115792K, reserved 616448K
  class space    used 14498K, capacity 15916K, committed 16128K, reserved 516096K
}
Event: 304.343 GC heap after
{Heap after GC invocations=110 (full 0):
 garbage-first heap   total 192512K, used 134429K [0x0000000080000000, 0x0000000100000000)
  region size 1024K, 3 young (3072K), 3 survivors (3072K)
 Metaspace       used 111393K, capacity 115341K, committed 115792K, reserved 616448K
  class space    used 14498K, capacity 15916K, committed 16128K, reserved 516096K
}
Event: 304.397 GC heap before
{Heap before GC invocations=110 (full 0):
 garbage-first heap   total 192512K, used 153885K [0x0000000080000000, 0x0000000100000000)
  region size 1024K, 22 young (22528K), 3 survivors (3072K)
 Metaspace       used 111393K, capacity 115341K, committed 115792K, reserved 616448K
  class space    used 14498K, capacity 15916K, committed 16128K, reserved 516096K
}
Event: 304.401 GC heap after
{Heap after GC invocations=111 (full 0):
 garbage-first heap   total 192512K, used 134032K [0x0000000080000000, 0x0000000100000000)
  region size 1024K, 1 young (1024K), 1 survivors (1024K)
 Metaspace       used 111393K, capacity 115341K, committed 115792K, reserved 616448K
  class space    used 14498K, capacity 15916K, committed 16128K, reserved 516096K
}
Event: 304.467 GC heap before
{Heap before GC invocations=111 (full 0):
 garbage-first heap   total 192512K, used 156560K [0x0000000080000000, 0x0000000100000000)
  region size 1024K, 23 young (23552K), 1 survivors (1024K)
 Metaspace       used 111393K, capacity 115341K, committed 115792K, reserved 616448K
  class space    used 14498K, capacity 15916K, committed 16128K, reserved 516096K
}
Event: 304.469 GC heap after
{Heap after GC invocations=112 (full 0):
 garbage-first heap   total 192512K, used 134411K [0x0000000080000000, 0x0000000100000000)
  region size 1024K, 1 young (1024K), 1 survivors (1024K)
 Metaspace       used 111393K, capacity 115341K, committed 115792K, reserved 616448K
  class space    used 14498K, capacity 15916K, committed 16128K, reserved 516096K
}
Event: 304.559 GC heap before
{Heap before GC invocations=112 (full 0):
 garbage-first heap   total 192512K, used 157963K [0x0000000080000000, 0x0000000100000000)
  region size 1024K, 24 young (24576K), 1 survivors (1024K)
 Metaspace       used 111393K, capacity 115341K, committed 115792K, reserved 616448K
  class space    used 14498K, capacity 15916K, committed 16128K, reserved 516096K
}
Event: 304.604 GC heap after
{Heap after GC invocations=113 (full 0):
 garbage-first heap   total 323584K, used 134780K [0x0000000080000000, 0x0000000100000000)
  region size 1024K, 1 young (1024K), 1 survivors (1024K)
 Metaspace       used 111393K, capacity 115341K, committed 115792K, reserved 616448K
  class space    used 14498K, capacity 15916K, committed 16128K, reserved 516096K
}
Event: 305.262 GC heap before
{Heap before GC invocations=114 (full 0):
 garbage-first heap   total 323584K, used 216700K [0x0000000080000000, 0x0000000100000000)
  region size 1024K, 81 young (82944K), 1 survivors (1024K)
 Metaspace       used 113333K, capacity 117438K, committed 117584K, reserved 618496K
  class space    used 14754K, capacity 16249K, committed 16384K, reserved 516096K
}
Event: 305.272 GC heap after
{Heap after GC invocations=115 (full 0):
 garbage-first heap   total 323584K, used 138159K [0x0000000080000000, 0x0000000100000000)
  region size 1024K, 5 young (5120K), 5 survivors (5120K)
 Metaspace       used 113333K, capacity 117438K, committed 117584K, reserved 618496K
  class space    used 14754K, capacity 16249K, committed 16384K, reserved 516096K
}
Event: 307.239 GC heap before
{Heap before GC invocations=115 (full 0):
 garbage-first heap   total 323584K, used 231343K [0x0000000080000000, 0x0000000100000000)
  region size 1024K, 96 young (98304K), 5 survivors (5120K)
 Metaspace       used 114473K, capacity 118881K, committed 118992K, reserved 620544K
  class space    used 14897K, capacity 16501K, committed 16512K, reserved 516096K
}
Event: 307.254 GC heap after
{Heap after GC invocations=116 (full 0):
 garbage-first heap   total 323584K, used 143987K [0x0000000080000000, 0x0000000100000000)
  region size 1024K, 10 young (10240K), 10 survivors (10240K)
 Metaspace       used 114473K, capacity 118881K, committed 118992K, reserved 620544K
  class space    used 14897K, capacity 16501K, committed 16512K, reserved 516096K
}
Event: 308.934 GC heap before
{Heap before GC invocations=116 (full 0):
 garbage-first heap   total 323584K, used 249459K [0x0000000080000000, 0x0000000100000000)
  region size 1024K, 110 young (112640K), 10 survivors (10240K)
 Metaspace       used 116900K, capacity 121666K, committed 121808K, reserved 622592K
  class space    used 15187K, capacity 16900K, committed 17024K, reserved 516096K
}
Event: 308.951 GC heap after
{Heap after GC invocations=117 (full 0):
 garbage-first heap   total 323584K, used 154259K [0x0000000080000000, 0x0000000100000000)
  region size 1024K, 12 young (12288K), 12 survivors (12288K)
 Metaspace       used 116900K, capacity 121666K, committed 121808K, reserved 622592K
  class space    used 15187K, capacity 16900K, committed 17024K, reserved 516096K
}
Event: 309.902 GC heap before
{Heap before GC invocations=117 (full 0):
 garbage-first heap   total 323584K, used 256659K [0x0000000080000000, 0x0000000100000000)
  region size 1024K, 112 young (114688K), 12 survivors (12288K)
 Metaspace       used 119416K, capacity 124280K, committed 124496K, reserved 624640K
  class space    used 15500K, capacity 17296K, committed 17408K, reserved 516096K
}

