# JRE version: OpenJDK Runtime Environment Microsoft-7208460 (11.0.18+10) (build 11.0.18+10-LTS)
# Java VM: OpenJDK 64-Bit Server VM Microsoft-7208460 (11.0.18+10-LTS, mixed mode, tiered, compressed oops, g1 gc, windows-amd64)
Heap:
 garbage-first heap   total 423936K, used 165063K [0x0000000080000000, 0x0000000100000000)
  region size 1024K, 2 young (2048K), 2 survivors (2048K)
 Metaspace       used 116766K, capacity 121287K, committed 121552K, reserved 622592K
  class space    used 15144K, capacity 16752K, committed 16768K, reserved 516096K
GC Heap History (20 events):
Event: 242.124 GC heap after
{Heap after GC invocations=87 (full 0):
 garbage-first heap   total 159744K, used 120533K [0x0000000080000000, 0x0000000100000000)
  region size 1024K, 2 young (2048K), 2 survivors (2048K)
 Metaspace       used 96870K, capacity 100506K, committed 100816K, reserved 604160K
  class space    used 12721K, capacity 14082K, committed 14208K, reserved 516096K
}
Event: 242.235 GC heap before
{Heap before GC invocations=87 (full 0):
 garbage-first heap   total 159744K, used 130773K [0x0000000080000000, 0x0000000100000000)
  region size 1024K, 12 young (12288K), 2 survivors (2048K)
 Metaspace       used 97257K, capacity 100953K, committed 101072K, reserved 604160K
  class space    used 12768K, capacity 14120K, committed 14208K, reserved 516096K
}
Event: 242.243 GC heap after
{Heap after GC invocations=88 (full 0):
 garbage-first heap   total 159744K, used 121789K [0x0000000080000000, 0x0000000100000000)
  region size 1024K, 2 young (2048K), 2 survivors (2048K)
 Metaspace       used 97257K, capacity 100953K, committed 101072K, reserved 604160K
  class space    used 12768K, capacity 14120K, committed 14208K, reserved 516096K
}
Event: 242.443 GC heap before
{Heap before GC invocations=88 (full 0):
 garbage-first heap   total 159744K, used 132029K [0x0000000080000000, 0x0000000100000000)
  region size 1024K, 12 young (12288K), 2 survivors (2048K)
 Metaspace       used 97586K, capacity 101319K, committed 101584K, reserved 604160K
  class space    used 12811K, capacity 14196K, committed 14208K, reserved 516096K
}
Event: 242.451 GC heap after
{Heap after GC invocations=89 (full 0):
 garbage-first heap   total 206848K, used 123977K [0x0000000080000000, 0x0000000100000000)
  region size 1024K, 2 young (2048K), 2 survivors (2048K)
 Metaspace       used 97586K, capacity 101319K, committed 101584K, reserved 604160K
  class space    used 12811K, capacity 14196K, committed 14208K, reserved 516096K
}
Event: 242.673 GC heap before
{Heap before GC invocations=90 (full 0):
 garbage-first heap   total 206848K, used 134217K [0x0000000080000000, 0x0000000100000000)
  region size 1024K, 13 young (13312K), 2 survivors (2048K)
 Metaspace       used 97783K, capacity 101648K, committed 101968K, reserved 604160K
  class space    used 12832K, capacity 14252K, committed 14336K, reserved 516096K
}
Event: 242.682 GC heap after
{Heap after GC invocations=91 (full 0):
 garbage-first heap   total 206848K, used 126503K [0x0000000080000000, 0x0000000100000000)
  region size 1024K, 4 young (4096K), 4 survivors (4096K)
 Metaspace       used 97783K, capacity 101648K, committed 101968K, reserved 604160K
  class space    used 12832K, capacity 14252K, committed 14336K, reserved 516096K
}
Event: 242.997 GC heap before
{Heap before GC invocations=92 (full 0):
 garbage-first heap   total 206848K, used 153127K [0x0000000080000000, 0x0000000100000000)
  region size 1024K, 26 young (26624K), 4 survivors (4096K)
 Metaspace       used 99186K, capacity 103090K, committed 103120K, reserved 606208K
  class space    used 13007K, capacity 14454K, committed 14464K, reserved 516096K
}
Event: 243.004 GC heap after
{Heap after GC invocations=93 (full 0):
 garbage-first heap   total 206848K, used 132530K [0x0000000080000000, 0x0000000100000000)
  region size 1024K, 4 young (4096K), 4 survivors (4096K)
 Metaspace       used 99186K, capacity 103090K, committed 103120K, reserved 606208K
  class space    used 13007K, capacity 14454K, committed 14464K, reserved 516096K
}
Event: 243.314 GC heap before
{Heap before GC invocations=93 (full 0):
 garbage-first heap   total 206848K, used 155058K [0x0000000080000000, 0x0000000100000000)
  region size 1024K, 26 young (26624K), 4 survivors (4096K)
 Metaspace       used 99973K, capacity 104028K, committed 104144K, reserved 606208K
  class space    used 13107K, capacity 14609K, committed 14720K, reserved 516096K
}
Event: 243.322 GC heap after
{Heap after GC invocations=94 (full 0):
 garbage-first heap   total 206848K, used 135542K [0x0000000080000000, 0x0000000100000000)
  region size 1024K, 4 young (4096K), 4 survivors (4096K)
 Metaspace       used 99973K, capacity 104028K, committed 104144K, reserved 606208K
  class space    used 13107K, capacity 14609K, committed 14720K, reserved 516096K
}
Event: 243.762 GC heap before
{Heap before GC invocations=95 (full 0):
 garbage-first heap   total 206848K, used 159094K [0x0000000080000000, 0x0000000100000000)
  region size 1024K, 27 young (27648K), 4 survivors (4096K)
 Metaspace       used 100453K, capacity 104530K, committed 104656K, reserved 606208K
  class space    used 13170K, capacity 14687K, committed 14720K, reserved 516096K
}
Event: 243.775 GC heap after
{Heap after GC invocations=96 (full 0):
 garbage-first heap   total 318464K, used 142212K [0x0000000080000000, 0x0000000100000000)
  region size 1024K, 4 young (4096K), 4 survivors (4096K)
 Metaspace       used 100453K, capacity 104530K, committed 104656K, reserved 606208K
  class space    used 13170K, capacity 14687K, committed 14720K, reserved 516096K
}
Event: 244.484 GC heap before
{Heap before GC invocations=96 (full 0):
 garbage-first heap   total 318464K, used 196484K [0x0000000080000000, 0x0000000100000000)
  region size 1024K, 57 young (58368K), 4 survivors (4096K)
 Metaspace       used 103475K, capacity 107663K, committed 107856K, reserved 610304K
  class space    used 13549K, capacity 15103K, committed 15104K, reserved 516096K
}
Event: 244.492 GC heap after
{Heap after GC invocations=97 (full 0):
 garbage-first heap   total 318464K, used 147069K [0x0000000080000000, 0x0000000100000000)
  region size 1024K, 8 young (8192K), 8 survivors (8192K)
 Metaspace       used 103475K, capacity 107663K, committed 107856K, reserved 610304K
  class space    used 13549K, capacity 15103K, committed 15104K, reserved 516096K
}
Event: 245.462 GC heap before
{Heap before GC invocations=97 (full 0):
 garbage-first heap   total 318464K, used 214653K [0x0000000080000000, 0x0000000100000000)
  region size 1024K, 74 young (75776K), 8 survivors (8192K)
 Metaspace       used 109030K, capacity 113270K, committed 113616K, reserved 614400K
  class space    used 14287K, capacity 15895K, committed 16000K, reserved 516096K
}
Event: 245.479 GC heap after
{Heap after GC invocations=98 (full 0):
 garbage-first heap   total 318464K, used 153755K [0x0000000080000000, 0x0000000100000000)
  region size 1024K, 10 young (10240K), 10 survivors (10240K)
 Metaspace       used 109030K, capacity 113270K, committed 113616K, reserved 614400K
  class space    used 14287K, capacity 15895K, committed 16000K, reserved 516096K
}
Event: 293.597 GC heap before
{Heap before GC invocations=98 (full 0):
 garbage-first heap   total 318464K, used 229531K [0x0000000080000000, 0x0000000100000000)
  region size 1024K, 84 young (86016K), 10 survivors (10240K)
 Metaspace       used 116650K, capacity 121158K, committed 121296K, reserved 622592K
  class space    used 15144K, capacity 16752K, committed 16768K, reserved 516096K
}
Event: 293.867 GC heap after
{Heap after GC invocations=99 (full 0):
 garbage-first heap   total 318464K, used 163219K [0x0000000080000000, 0x0000000100000000)
  region size 1024K, 10 young (10240K), 10 survivors (10240K)
 Metaspace       used 116650K, capacity 121158K, committed 121296K, reserved 622592K
  class space    used 15144K, capacity 16752K, committed 16768K, reserved 516096K
}
Event: 300.335 GC heap before
{Heap before GC invocations=100 (full 0):
 garbage-first heap   total 318464K, used 168339K [0x0000000080000000, 0x0000000100000000)
  region size 1024K, 15 young (15360K), 10 survivors (10240K)
 Metaspace       used 116766K, capacity 121287K, committed 121552K, reserved 622592K
  class space    used 15144K, capacity 16752K, committed 16768K, reserved 516096K
}

